<?xml version="1.0" encoding="UTF-8"?>
<!-- Generated by org.testng.reporters.JUnitXMLReporter -->
<testsuite ignored="0" hostname="FWS-CHE-LT-5580.local" failures="2" tests="2" name="LighweighSDK" time="5.217" errors="0" timestamp="2023-10-18T00:57:39 IST">
  <testcase classname="lwsdk.android.module.testcases.SampleTestCaseAndroid" name="testAndroidMethod" time="5.1">
    <failure type="java.lang.AssertionError" message="did not expect to find [true] but found [false]">
      <![CDATA[java.lang.AssertionError: did not expect to find [true] but found [false]
at lwsdk.app.pages.HomePage.clickConversationButton(HomePage.java:40)
at lwsdk.android.module.testcases.SampleTestCaseAndroid.testAndroidMethod(SampleTestCaseAndroid.java:18)
at java.base/java.util.ArrayList.forEach(ArrayList.java:1511)
... Removed 35 stack frames]]>
    </failure>
  </testcase> <!-- testAndroidMethod -->
  <testcase classname="lwsdk.android.module.testcases.SampleTestCaseAndroid" name="testAndroidMethod" time="5.193">
    <failure type="java.lang.NullPointerException" message="Cannot invoke &amp;quot;org.openqa.selenium.TakesScreenshot.getScreenshotAs(org.openqa.selenium.OutputType)&amp;quot; because &amp;quot;ts&amp;quot; is null">
      <![CDATA[java.lang.NullPointerException: Cannot invoke "org.openqa.selenium.TakesScreenshot.getScreenshotAs(org.openqa.selenium.OutputType)" because "ts" is null
at lwsdk.app.reports.ExtentReport.takeScreenShot(ExtentReport.java:162)
at lwsdk.app.reports.ExtentReport.fail(ExtentReport.java:105)
at lwsdk.app.logger.Log.fail(Log.java:99)
at lwsdk.app.listeners.TestListeners.onTestFailure(TestListeners.java:38)
at java.base/java.util.ArrayList.forEach(ArrayList.java:1511)
... Removed 28 stack frames]]>
    </failure>
  </testcase> <!-- testAndroidMethod -->
</testsuite> <!-- LighweighSDK -->
