<?xml version="1.0" encoding="UTF-8"?>
<testng-results ignored="0" total="1" passed="1" failed="0" skipped="0">
  <reporter-output>
  </reporter-output>
  <suite started-at="2023-10-03T19:24:28 IST" name="Default suite" finished-at="2023-10-03T19:24:28 IST" duration-ms="36">
    <groups>
    </groups>
    <test started-at="2023-10-03T19:24:28 IST" name="Default test" finished-at="2023-10-03T19:24:28 IST" duration-ms="36">
      <class name="lwsdk.android.module.testcases.SampleTestCaseAndroid">
        <test-method is-config="true" signature="beforeSuite()[pri:0, instance:lwsdk.android.module.testcases.SampleTestCaseAndroid@55a1c291]" started-at="2023-10-03T19:24:28 IST" name="beforeSuite" finished-at="2023-10-03T19:24:28 IST" duration-ms="10" status="PASS">
          <reporter-output>
          </reporter-output>
        </test-method> <!-- beforeSuite -->
        <test-method signature="test1()[pri:0, instance:lwsdk.android.module.testcases.SampleTestCaseAndroid@55a1c291]" started-at="2023-10-03T19:24:28 IST" name="test1" finished-at="2023-10-03T19:24:28 IST" duration-ms="7" status="PASS">
          <reporter-output>
          </reporter-output>
        </test-method> <!-- test1 -->
      </class> <!-- lwsdk.android.module.testcases.SampleTestCaseAndroid -->
    </test> <!-- Default test -->
  </suite> <!-- Default suite -->
</testng-results>
